  pch.cpp
  Cachemoni.cpp
  GetInput.cpp
  正在生成代码...
Cachemoni.obj : error LNK2001: 无法解析的外部符号 "unsigned long i_cache_size" (?i_cache_size@@3KA)
GetInput.obj : error LNK2001: 无法解析的外部符号 "unsigned long i_cache_size" (?i_cache_size@@3KA)
Cachemoni.obj : error LNK2001: 无法解析的外部符号 "unsigned long i_cache_line_size" (?i_cache_line_size@@3KA)
GetInput.obj : error LNK2001: 无法解析的外部符号 "unsigned long i_cache_line_size" (?i_cache_line_size@@3KA)
Cachemoni.obj : error LNK2001: 无法解析的外部符号 "unsigned long i_cache_set" (?i_cache_set@@3KA)
GetInput.obj : error LNK2001: 无法解析的外部符号 "unsigned long i_cache_set" (?i_cache_set@@3KA)
Cachemoni.obj : error LNK2001: 无法解析的外部符号 "unsigned long i_num_line" (?i_num_line@@3KA)
Cachemoni.obj : error LNK2001: 无法解析的外部符号 "unsigned long i_num_set" (?i_num_set@@3KA)
Cachemoni.obj : error LNK2001: 无法解析的外部符号 "enum associativity_way t_assoc" (?t_assoc@@3W4associativity_way@@A)
GetInput.obj : error LNK2001: 无法解析的外部符号 "enum associativity_way t_assoc" (?t_assoc@@3W4associativity_way@@A)
Cachemoni.obj : error LNK2001: 无法解析的外部符号 "enum replacement_way t_replace" (?t_replace@@3W4replacement_way@@A)
GetInput.obj : error LNK2001: 无法解析的外部符号 "enum replacement_way t_replace" (?t_replace@@3W4replacement_way@@A)
Cachemoni.obj : error LNK2001: 无法解析的外部符号 "enum write_way t_write" (?t_write@@3W4write_way@@A)
GetInput.obj : error LNK2001: 无法解析的外部符号 "enum write_way t_write" (?t_write@@3W4write_way@@A)
Cachemoni.obj : error LNK2001: 无法解析的外部符号 "unsigned short bit_block" (?bit_block@@3GA)
Cachemoni.obj : error LNK2001: 无法解析的外部符号 "unsigned short bit_line" (?bit_line@@3GA)
Cachemoni.obj : error LNK2001: 无法解析的外部符号 "unsigned short bit_tag" (?bit_tag@@3GA)
Cachemoni.obj : error LNK2001: 无法解析的外部符号 "unsigned short bit_set" (?bit_set@@3GA)
Cachemoni.obj : error LNK2001: 无法解析的外部符号 "unsigned long i_num_access" (?i_num_access@@3KA)
Cachemoni.obj : error LNK2001: 无法解析的外部符号 "unsigned long i_num_load" (?i_num_load@@3KA)
Cachemoni.obj : error LNK2001: 无法解析的外部符号 "unsigned long i_num_store" (?i_num_store@@3KA)
Cachemoni.obj : error LNK2001: 无法解析的外部符号 "unsigned long i_num_space" (?i_num_space@@3KA)
Cachemoni.obj : error LNK2001: 无法解析的外部符号 "unsigned long i_num_hit" (?i_num_hit@@3KA)
Cachemoni.obj : error LNK2001: 无法解析的外部符号 "unsigned long i_num_load_hit" (?i_num_load_hit@@3KA)
Cachemoni.obj : error LNK2001: 无法解析的外部符号 "unsigned long i_num_store_hit" (?i_num_store_hit@@3KA)
Cachemoni.obj : error LNK2001: 无法解析的外部符号 "float f_ave_rate" (?f_ave_rate@@3MA)
Cachemoni.obj : error LNK2001: 无法解析的外部符号 "float f_load_rate" (?f_load_rate@@3MA)
Cachemoni.obj : error LNK2001: 无法解析的外部符号 "float f_store_rate" (?f_store_rate@@3MA)
Cachemoni.obj : error LNK2001: 无法解析的外部符号 "class std::bitset<32> * cache_item" (?cache_item@@3PAV?$bitset@$0CA@@std@@A)
Cachemoni.obj : error LNK2001: 无法解析的外部符号 "unsigned long * LRU_priority" (?LRU_priority@@3PAKA)
Cachemoni.obj : error LNK2001: 无法解析的外部符号 "unsigned long current_line" (?current_line@@3KA)
Cachemoni.obj : error LNK2001: 无法解析的外部符号 "unsigned long current_set" (?current_set@@3KA)
Cachemoni.obj : error LNK2001: 无法解析的外部符号 "unsigned long i" (?i@@3KA)
Cachemoni.obj : error LNK2001: 无法解析的外部符号 "unsigned long j" (?j@@3KA)
Cachemoni.obj : error LNK2001: 无法解析的外部符号 "unsigned long temp" (?temp@@3KA)
F:\深入理解计算机原理实验\Cachemoni\Cache\Debug\Cachemoni.exe : fatal error LNK1120: 29 个无法解析的外部命令
